<?xml version="1.0" encoding="UTF-8"?>
<testsuite xmlns:xsi="http://www.w3.org/2001/XMLSchema-instance" xsi:noNamespaceSchemaLocation="https://maven.apache.org/surefire/maven-surefire-plugin/xsd/surefire-test-report-3.0.xsd" version="3.0" name="pl.cps.AppTest" time="0.025" tests="1" errors="0" skipped="0" failures="0">
  <properties>
    <property name="java.specification.version" value="15"/>
    <property name="sun.cpu.isalist" value="amd64"/>
    <property name="sun.jnu.encoding" value="Cp1250"/>
    <property name="java.class.path" value="C:\Users\Dawid Jakubik\Desktop\CPS\remote\Digital_signal_processing\cps_project\target\test-classes;C:\Users\Dawid Jakubik\Desktop\CPS\remote\Digital_signal_processing\cps_project\target\classes;C:\Users\Dawid Jakubik\.m2\repository\junit\junit\3.8.1\junit-3.8.1.jar;C:\Users\Dawid Jakubik\.m2\repository\org\apache\commons\commons-lang3\3.10\commons-lang3-3.10.jar;C:\Users\Dawid Jakubik\.m2\repository\org\openjfx\javafx-controls\11\javafx-controls-11.jar;C:\Users\Dawid Jakubik\.m2\repository\org\openjfx\javafx-controls\11\javafx-controls-11-win.jar;C:\Users\Dawid Jakubik\.m2\repository\org\openjfx\javafx-graphics\11\javafx-graphics-11.jar;C:\Users\Dawid Jakubik\.m2\repository\org\openjfx\javafx-graphics\11\javafx-graphics-11-win.jar;C:\Users\Dawid Jakubik\.m2\repository\org\openjfx\javafx-base\11\javafx-base-11.jar;C:\Users\Dawid Jakubik\.m2\repository\org\openjfx\javafx-base\11\javafx-base-11-win.jar;C:\Users\Dawid Jakubik\.m2\repository\org\openjfx\javafx-fxml\11\javafx-fxml-11.jar;C:\Users\Dawid Jakubik\.m2\repository\org\openjfx\javafx-fxml\11\javafx-fxml-11-win.jar;"/>
    <property name="java.vm.vendor" value="Oracle Corporation"/>
    <property name="sun.arch.data.model" value="64"/>
    <property name="user.variant" value=""/>
    <property name="java.vendor.url" value="https://java.oracle.com/"/>
    <property name="user.timezone" value="Europe/Warsaw"/>
    <property name="os.name" value="Windows 10"/>
    <property name="java.vm.specification.version" value="15"/>
    <property name="sun.java.launcher" value="SUN_STANDARD"/>
    <property name="user.country" value="PL"/>
    <property name="sun.boot.library.path" value="D:\Java\java_15\bin"/>
    <property name="sun.java.command" value="C:\Users\Dawid Jakubik\AppData\Local\Temp\surefire6565141991476499856\surefirebooter3199513243511721529.jar C:\Users\Dawid Jakubik\AppData\Local\Temp\surefire6565141991476499856 2021-04-06T16-22-20_398-jvmRun1 surefire5285372501783393854tmp surefire_010870478639208611572tmp"/>
    <property name="jdk.debug" value="release"/>
    <property name="surefire.test.class.path" value="C:\Users\Dawid Jakubik\Desktop\CPS\remote\Digital_signal_processing\cps_project\target\test-classes;C:\Users\Dawid Jakubik\Desktop\CPS\remote\Digital_signal_processing\cps_project\target\classes;C:\Users\Dawid Jakubik\.m2\repository\junit\junit\3.8.1\junit-3.8.1.jar;C:\Users\Dawid Jakubik\.m2\repository\org\apache\commons\commons-lang3\3.10\commons-lang3-3.10.jar;C:\Users\Dawid Jakubik\.m2\repository\org\openjfx\javafx-controls\11\javafx-controls-11.jar;C:\Users\Dawid Jakubik\.m2\repository\org\openjfx\javafx-controls\11\javafx-controls-11-win.jar;C:\Users\Dawid Jakubik\.m2\repository\org\openjfx\javafx-graphics\11\javafx-graphics-11.jar;C:\Users\Dawid Jakubik\.m2\repository\org\openjfx\javafx-graphics\11\javafx-graphics-11-win.jar;C:\Users\Dawid Jakubik\.m2\repository\org\openjfx\javafx-base\11\javafx-base-11.jar;C:\Users\Dawid Jakubik\.m2\repository\org\openjfx\javafx-base\11\javafx-base-11-win.jar;C:\Users\Dawid Jakubik\.m2\repository\org\openjfx\javafx-fxml\11\javafx-fxml-11.jar;C:\Users\Dawid Jakubik\.m2\repository\org\openjfx\javafx-fxml\11\javafx-fxml-11-win.jar;"/>
    <property name="sun.cpu.endian" value="little"/>
    <property name="user.home" value="C:\Users\Dawid Jakubik"/>
    <property name="user.language" value="pl"/>
    <property name="java.specification.vendor" value="Oracle Corporation"/>
    <property name="java.version.date" value="2021-01-19"/>
    <property name="java.home" value="D:\Java\java_15"/>
    <property name="file.separator" value="\"/>
    <property name="basedir" value="C:\Users\Dawid Jakubik\Desktop\CPS\remote\Digital_signal_processing\cps_project"/>
    <property name="java.vm.compressedOopsMode" value="Zero based"/>
    <property name="line.separator" value="&#10;"/>
    <property name="java.vm.specification.vendor" value="Oracle Corporation"/>
    <property name="java.specification.name" value="Java Platform API Specification"/>
    <property name="surefire.real.class.path" value="C:\Users\Dawid Jakubik\AppData\Local\Temp\surefire6565141991476499856\surefirebooter3199513243511721529.jar"/>
    <property name="user.script" value=""/>
    <property name="sun.management.compiler" value="HotSpot 64-Bit Tiered Compilers"/>
    <property name="java.runtime.version" value="15.0.2+7-27"/>
    <property name="user.name" value="Dawid Jakubik"/>
    <property name="path.separator" value=";"/>
    <property name="os.version" value="10.0"/>
    <property name="java.runtime.name" value="Java(TM) SE Runtime Environment"/>
    <property name="file.encoding" value="Cp1250"/>
    <property name="java.vm.name" value="Java HotSpot(TM) 64-Bit Server VM"/>
    <property name="localRepository" value="C:\Users\Dawid Jakubik\.m2\repository"/>
    <property name="java.vendor.url.bug" value="https://bugreport.java.com/bugreport/"/>
    <property name="java.io.tmpdir" value="C:\Users\DAWIDJ~1\AppData\Local\Temp\"/>
    <property name="java.version" value="15.0.2"/>
    <property name="user.dir" value="C:\Users\Dawid Jakubik\Desktop\CPS\remote\Digital_signal_processing\cps_project"/>
    <property name="os.arch" value="amd64"/>
    <property name="java.vm.specification.name" value="Java Virtual Machine Specification"/>
    <property name="sun.os.patch.level" value=""/>
    <property name="java.library.path" value="D:\Java\java_15\bin;C:\WINDOWS\Sun\Java\bin;C:\WINDOWS\system32;C:\WINDOWS;C:\Program Files\Common Files\Oracle\Java\javapath;C:\Windows\system32;C:\Windows;C:\Windows\System32\Wbem;C:\Windows\System32\WindowsPowerShell\v1.0\;C:\Program Files (x86)\NVIDIA Corporation\PhysX\Common;C:\WINDOWS\system32;C:\WINDOWS;C:\WINDOWS\System32\Wbem;C:\WINDOWS\System32\WindowsPowerShell\v1.0\;C:\WINDOWS\System32\OpenSSH\;C:\Program Files\Intel\WiFi\bin\;C:\Program Files\Common Files\Intel\WirelessCommon\;C:\Program Files (x86)\Intel\Intel(R) Management Engine Components\DAL;C:\Program Files\Intel\Intel(R) Management Engine Components\DAL;C:\Program Files\Git\cmd;D:\ProgramFiles\apache-maven-3.6.3\bin;D:\Java\java_15\bin;D:\Java\java_11\bin;;C:\Program Files\Docker\Docker\resources\bin;C:\ProgramData\DockerDesktop\version-bin;C:\Users\Dawid Jakubik\AppData\Local\Microsoft\WindowsApps;C:\Users\Dawid Jakubik\AppData\Local\GitHubDesktop\bin;D:\ProgramFiles\apache-maven-3.6.3\bin;C:\Users\Dawid Jakubik\AppData\Local\Programs\MiKTeX\miktex\bin\x64\;."/>
    <property name="java.vm.info" value="mixed mode, sharing"/>
    <property name="java.vendor" value="Oracle Corporation"/>
    <property name="java.vm.version" value="15.0.2+7-27"/>
    <property name="sun.io.unicode.encoding" value="UnicodeLittle"/>
    <property name="java.class.version" value="59.0"/>
  </properties>
  <testcase name="testApp" classname="pl.cps.AppTest" time="0.002"/>
</testsuite>